2020-09-15 18:53:33,796 INFO 3136 [egg-schedule]: register schedule E:\hqyj\vue\08\app\server\node_modules\egg-multipart\app\schedule\clean_tmpdir.js
2020-09-15 18:53:33,796 INFO 3136 [egg-schedule]: register schedule E:\hqyj\vue\08\app\server\node_modules\egg-logrotator\app\schedule\clean_log.js
2020-09-15 18:53:33,796 INFO 3136 [egg-schedule]: register schedule E:\hqyj\vue\08\app\server\node_modules\egg-logrotator\app\schedule\rotate_by_file.js
2020-09-15 18:53:35,608 INFO 9100 [Timer] E:\hqyj\vue\08\app\server\node_modules\egg-multipart\app\schedule\clean_tmpdir.js next time will execute after 34584434ms at 2020-09-16 04:30:00.042
2020-09-15 18:53:35,609 INFO 9100 [Timer] E:\hqyj\vue\08\app\server\node_modules\egg-logrotator\app\schedule\clean_log.js next time will execute after 18384392ms at 2020-09-16 00:00:00.001
2020-09-15 18:53:35,610 INFO 9100 [Timer] E:\hqyj\vue\08\app\server\node_modules\egg-logrotator\app\schedule\rotate_by_file.js next time will execute after 18385391ms at 2020-09-16 00:00:01.001
2020-09-15 18:54:52,915 INFO 8768 [egg-schedule]: register schedule E:\hqyj\vue\08\app\server\node_modules\egg-multipart\app\schedule\clean_tmpdir.js
2020-09-15 18:54:52,915 INFO 8768 [egg-schedule]: register schedule E:\hqyj\vue\08\app\server\node_modules\egg-logrotator\app\schedule\clean_log.js
2020-09-15 18:54:52,915 INFO 8768 [egg-schedule]: register schedule E:\hqyj\vue\08\app\server\node_modules\egg-logrotator\app\schedule\rotate_by_file.js
2020-09-15 18:54:54,066 INFO 9304 [Timer] E:\hqyj\vue\08\app\server\node_modules\egg-multipart\app\schedule\clean_tmpdir.js next time will execute after 34505944ms at 2020-09-16 04:30:00.010
2020-09-15 18:54:54,068 INFO 9304 [Timer] E:\hqyj\vue\08\app\server\node_modules\egg-logrotator\app\schedule\clean_log.js next time will execute after 18305933ms at 2020-09-16 00:00:00.001
2020-09-15 18:54:54,069 INFO 9304 [Timer] E:\hqyj\vue\08\app\server\node_modules\egg-logrotator\app\schedule\rotate_by_file.js next time will execute after 18306932ms at 2020-09-16 00:00:01.001
2020-09-21 15:23:08,166 INFO 11652 [egg-schedule]: register schedule E:\hqyj\vue\08\app\server\node_modules\egg-multipart\app\schedule\clean_tmpdir.js
2020-09-21 15:23:08,166 INFO 11652 [egg-schedule]: register schedule E:\hqyj\vue\08\app\server\node_modules\egg-logrotator\app\schedule\clean_log.js
2020-09-21 15:23:08,166 INFO 11652 [egg-schedule]: register schedule E:\hqyj\vue\08\app\server\node_modules\egg-logrotator\app\schedule\rotate_by_file.js
2020-09-21 15:23:12,343 INFO 5952 [Timer] E:\hqyj\vue\08\app\server\node_modules\egg-multipart\app\schedule\clean_tmpdir.js next time will execute after 47207666ms at 2020-09-22 04:30:00.009
2020-09-21 15:23:12,344 INFO 5952 [Timer] E:\hqyj\vue\08\app\server\node_modules\egg-logrotator\app\schedule\clean_log.js next time will execute after 31007657ms at 2020-09-22 00:00:00.001
2020-09-21 15:23:12,345 INFO 5952 [Timer] E:\hqyj\vue\08\app\server\node_modules\egg-logrotator\app\schedule\rotate_by_file.js next time will execute after 31008656ms at 2020-09-22 00:00:01.001
2020-09-21 18:55:03,279 INFO 7628 [egg-schedule]: register schedule E:\hqyj\vue\08\app\server\node_modules\egg-multipart\app\schedule\clean_tmpdir.js
2020-09-21 18:55:03,279 INFO 7628 [egg-schedule]: register schedule E:\hqyj\vue\08\app\server\node_modules\egg-logrotator\app\schedule\clean_log.js
2020-09-21 18:55:03,279 INFO 7628 [egg-schedule]: register schedule E:\hqyj\vue\08\app\server\node_modules\egg-logrotator\app\schedule\rotate_by_file.js
2020-09-21 18:55:04,080 INFO 10612 [Timer] E:\hqyj\vue\08\app\server\node_modules\egg-multipart\app\schedule\clean_tmpdir.js next time will execute after 34495929ms at 2020-09-22 04:30:00.009
2020-09-21 18:55:04,081 INFO 10612 [Timer] E:\hqyj\vue\08\app\server\node_modules\egg-logrotator\app\schedule\clean_log.js next time will execute after 18295920ms at 2020-09-22 00:00:00.001
2020-09-21 18:55:04,082 INFO 10612 [Timer] E:\hqyj\vue\08\app\server\node_modules\egg-logrotator\app\schedule\rotate_by_file.js next time will execute after 18296919ms at 2020-09-22 00:00:01.001
2020-09-21 19:40:41,264 INFO 3388 [egg-schedule]: register schedule E:\hqyj\vue\08\app\server\node_modules\egg-multipart\app\schedule\clean_tmpdir.js
2020-09-21 19:40:41,264 INFO 3388 [egg-schedule]: register schedule E:\hqyj\vue\08\app\server\node_modules\egg-logrotator\app\schedule\clean_log.js
2020-09-21 19:40:41,264 INFO 3388 [egg-schedule]: register schedule E:\hqyj\vue\08\app\server\node_modules\egg-logrotator\app\schedule\rotate_by_file.js
2020-09-21 19:41:14,310 INFO 10816 [egg-schedule]: register schedule E:\hqyj\vue\08\app\server\node_modules\egg-multipart\app\schedule\clean_tmpdir.js
2020-09-21 19:41:14,310 INFO 10816 [egg-schedule]: register schedule E:\hqyj\vue\08\app\server\node_modules\egg-logrotator\app\schedule\clean_log.js
2020-09-21 19:41:14,310 INFO 10816 [egg-schedule]: register schedule E:\hqyj\vue\08\app\server\node_modules\egg-logrotator\app\schedule\rotate_by_file.js
2020-09-21 19:41:15,095 INFO 13252 [Timer] E:\hqyj\vue\08\app\server\node_modules\egg-multipart\app\schedule\clean_tmpdir.js next time will execute after 31724913ms at 2020-09-22 04:30:00.008
2020-09-21 19:41:15,097 INFO 13252 [Timer] E:\hqyj\vue\08\app\server\node_modules\egg-logrotator\app\schedule\clean_log.js next time will execute after 15524904ms at 2020-09-22 00:00:00.001
2020-09-21 19:41:15,098 INFO 13252 [Timer] E:\hqyj\vue\08\app\server\node_modules\egg-logrotator\app\schedule\rotate_by_file.js next time will execute after 15525903ms at 2020-09-22 00:00:01.000
2020-09-21 20:11:27,857 INFO 5740 [egg-schedule]: register schedule E:\hqyj\vue\08\app\server\node_modules\egg-multipart\app\schedule\clean_tmpdir.js
2020-09-21 20:11:27,857 INFO 5740 [egg-schedule]: register schedule E:\hqyj\vue\08\app\server\node_modules\egg-logrotator\app\schedule\clean_log.js
2020-09-21 20:11:27,857 INFO 5740 [egg-schedule]: register schedule E:\hqyj\vue\08\app\server\node_modules\egg-logrotator\app\schedule\rotate_by_file.js
2020-09-21 20:11:28,722 INFO 9580 [Timer] E:\hqyj\vue\08\app\server\node_modules\egg-multipart\app\schedule\clean_tmpdir.js next time will execute after 29911292ms at 2020-09-22 04:30:00.014
2020-09-21 20:11:28,723 INFO 9580 [Timer] E:\hqyj\vue\08\app\server\node_modules\egg-logrotator\app\schedule\clean_log.js next time will execute after 13711277ms at 2020-09-22 00:00:00.000
2020-09-21 20:11:28,725 INFO 9580 [Timer] E:\hqyj\vue\08\app\server\node_modules\egg-logrotator\app\schedule\rotate_by_file.js next time will execute after 13712276ms at 2020-09-22 00:00:01.000
2020-09-21 20:13:09,124 INFO 11376 [egg-schedule]: register schedule E:\hqyj\vue\08\app\server\node_modules\egg-multipart\app\schedule\clean_tmpdir.js
2020-09-21 20:13:09,124 INFO 11376 [egg-schedule]: register schedule E:\hqyj\vue\08\app\server\node_modules\egg-logrotator\app\schedule\clean_log.js
2020-09-21 20:13:09,124 INFO 11376 [egg-schedule]: register schedule E:\hqyj\vue\08\app\server\node_modules\egg-logrotator\app\schedule\rotate_by_file.js
2020-09-21 20:13:30,036 INFO 12984 [egg-schedule]: register schedule E:\hqyj\vue\08\app\server\node_modules\egg-multipart\app\schedule\clean_tmpdir.js
2020-09-21 20:13:30,036 INFO 12984 [egg-schedule]: register schedule E:\hqyj\vue\08\app\server\node_modules\egg-logrotator\app\schedule\clean_log.js
2020-09-21 20:13:30,036 INFO 12984 [egg-schedule]: register schedule E:\hqyj\vue\08\app\server\node_modules\egg-logrotator\app\schedule\rotate_by_file.js
2020-09-21 20:13:36,538 INFO 11576 [egg-schedule]: register schedule E:\hqyj\vue\08\app\server\node_modules\egg-multipart\app\schedule\clean_tmpdir.js
2020-09-21 20:13:36,538 INFO 11576 [egg-schedule]: register schedule E:\hqyj\vue\08\app\server\node_modules\egg-logrotator\app\schedule\clean_log.js
2020-09-21 20:13:36,538 INFO 11576 [egg-schedule]: register schedule E:\hqyj\vue\08\app\server\node_modules\egg-logrotator\app\schedule\rotate_by_file.js
2020-09-21 20:14:00,181 INFO 7688 [egg-schedule]: register schedule E:\hqyj\vue\08\app\server\node_modules\egg-multipart\app\schedule\clean_tmpdir.js
2020-09-21 20:14:00,181 INFO 7688 [egg-schedule]: register schedule E:\hqyj\vue\08\app\server\node_modules\egg-logrotator\app\schedule\clean_log.js
2020-09-21 20:14:00,181 INFO 7688 [egg-schedule]: register schedule E:\hqyj\vue\08\app\server\node_modules\egg-logrotator\app\schedule\rotate_by_file.js
2020-09-21 20:22:49,362 INFO 12216 [egg-schedule]: register schedule E:\hqyj\vue\08\app\server\node_modules\egg-multipart\app\schedule\clean_tmpdir.js
2020-09-21 20:22:49,362 INFO 12216 [egg-schedule]: register schedule E:\hqyj\vue\08\app\server\node_modules\egg-logrotator\app\schedule\clean_log.js
2020-09-21 20:22:49,362 INFO 12216 [egg-schedule]: register schedule E:\hqyj\vue\08\app\server\node_modules\egg-logrotator\app\schedule\rotate_by_file.js
2020-09-21 20:23:20,290 INFO 8044 [egg-schedule]: register schedule E:\hqyj\vue\08\app\server\node_modules\egg-multipart\app\schedule\clean_tmpdir.js
2020-09-21 20:23:20,290 INFO 8044 [egg-schedule]: register schedule E:\hqyj\vue\08\app\server\node_modules\egg-logrotator\app\schedule\clean_log.js
2020-09-21 20:23:20,290 INFO 8044 [egg-schedule]: register schedule E:\hqyj\vue\08\app\server\node_modules\egg-logrotator\app\schedule\rotate_by_file.js
2020-09-22 09:06:27,173 INFO 6960 [egg-schedule]: register schedule E:\hqyj\vue\08\app\server\node_modules\egg-multipart\app\schedule\clean_tmpdir.js
2020-09-22 09:06:27,173 INFO 6960 [egg-schedule]: register schedule E:\hqyj\vue\08\app\server\node_modules\egg-logrotator\app\schedule\clean_log.js
2020-09-22 09:06:27,173 INFO 6960 [egg-schedule]: register schedule E:\hqyj\vue\08\app\server\node_modules\egg-logrotator\app\schedule\rotate_by_file.js
2020-09-22 09:06:31,785 INFO 6784 [Timer] E:\hqyj\vue\08\app\server\node_modules\egg-multipart\app\schedule\clean_tmpdir.js next time will execute after 69808224ms at 2020-09-23 04:30:00.008
2020-09-22 09:06:31,786 INFO 6784 [Timer] E:\hqyj\vue\08\app\server\node_modules\egg-logrotator\app\schedule\clean_log.js next time will execute after 53608215ms at 2020-09-23 00:00:00.001
2020-09-22 09:06:31,787 INFO 6784 [Timer] E:\hqyj\vue\08\app\server\node_modules\egg-logrotator\app\schedule\rotate_by_file.js next time will execute after 53609214ms at 2020-09-23 00:00:01.001
2020-09-22 09:17:26,326 INFO 7292 [egg-schedule]: register schedule E:\hqyj\vue\08\app\server\node_modules\egg-multipart\app\schedule\clean_tmpdir.js
2020-09-22 09:17:26,326 INFO 7292 [egg-schedule]: register schedule E:\hqyj\vue\08\app\server\node_modules\egg-logrotator\app\schedule\clean_log.js
2020-09-22 09:17:26,326 INFO 7292 [egg-schedule]: register schedule E:\hqyj\vue\08\app\server\node_modules\egg-logrotator\app\schedule\rotate_by_file.js
2020-09-22 09:18:35,134 INFO 6672 [egg-schedule]: register schedule E:\hqyj\vue\08\app\server\node_modules\egg-multipart\app\schedule\clean_tmpdir.js
2020-09-22 09:18:35,134 INFO 6672 [egg-schedule]: register schedule E:\hqyj\vue\08\app\server\node_modules\egg-logrotator\app\schedule\clean_log.js
2020-09-22 09:18:35,134 INFO 6672 [egg-schedule]: register schedule E:\hqyj\vue\08\app\server\node_modules\egg-logrotator\app\schedule\rotate_by_file.js
2020-09-22 09:18:35,943 INFO 8016 [Timer] E:\hqyj\vue\08\app\server\node_modules\egg-multipart\app\schedule\clean_tmpdir.js next time will execute after 69084066ms at 2020-09-23 04:30:00.008
2020-09-22 09:18:35,944 INFO 8016 [Timer] E:\hqyj\vue\08\app\server\node_modules\egg-logrotator\app\schedule\clean_log.js next time will execute after 52884057ms at 2020-09-23 00:00:00.001
2020-09-22 09:18:35,945 INFO 8016 [Timer] E:\hqyj\vue\08\app\server\node_modules\egg-logrotator\app\schedule\rotate_by_file.js next time will execute after 52885056ms at 2020-09-23 00:00:01.001
2020-09-22 09:33:30,422 INFO 6784 [egg-schedule]: register schedule E:\hqyj\vue\08\app\server\node_modules\egg-multipart\app\schedule\clean_tmpdir.js
2020-09-22 09:33:30,422 INFO 6784 [egg-schedule]: register schedule E:\hqyj\vue\08\app\server\node_modules\egg-logrotator\app\schedule\clean_log.js
2020-09-22 09:33:30,422 INFO 6784 [egg-schedule]: register schedule E:\hqyj\vue\08\app\server\node_modules\egg-logrotator\app\schedule\rotate_by_file.js
2020-09-22 09:33:35,271 INFO 3312 [Timer] E:\hqyj\vue\08\app\server\node_modules\egg-multipart\app\schedule\clean_tmpdir.js next time will execute after 68184737ms at 2020-09-23 04:30:00.008
2020-09-22 09:33:35,272 INFO 3312 [Timer] E:\hqyj\vue\08\app\server\node_modules\egg-logrotator\app\schedule\clean_log.js next time will execute after 51984729ms at 2020-09-23 00:00:00.001
2020-09-22 09:33:35,273 INFO 3312 [Timer] E:\hqyj\vue\08\app\server\node_modules\egg-logrotator\app\schedule\rotate_by_file.js next time will execute after 51985728ms at 2020-09-23 00:00:01.001
2020-09-22 09:35:59,444 INFO 7144 [egg-schedule]: register schedule E:\hqyj\vue\08\app\server\node_modules\egg-multipart\app\schedule\clean_tmpdir.js
2020-09-22 09:35:59,444 INFO 7144 [egg-schedule]: register schedule E:\hqyj\vue\08\app\server\node_modules\egg-logrotator\app\schedule\clean_log.js
2020-09-22 09:35:59,444 INFO 7144 [egg-schedule]: register schedule E:\hqyj\vue\08\app\server\node_modules\egg-logrotator\app\schedule\rotate_by_file.js
2020-09-22 09:36:18,855 INFO 3888 [egg-schedule]: register schedule E:\hqyj\vue\08\app\server\node_modules\egg-multipart\app\schedule\clean_tmpdir.js
2020-09-22 09:36:18,856 INFO 3888 [egg-schedule]: register schedule E:\hqyj\vue\08\app\server\node_modules\egg-logrotator\app\schedule\clean_log.js
2020-09-22 09:36:18,856 INFO 3888 [egg-schedule]: register schedule E:\hqyj\vue\08\app\server\node_modules\egg-logrotator\app\schedule\rotate_by_file.js
2020-09-22 09:36:46,752 INFO 5588 [egg-schedule]: register schedule E:\hqyj\vue\08\app\server\node_modules\egg-multipart\app\schedule\clean_tmpdir.js
2020-09-22 09:36:46,752 INFO 5588 [egg-schedule]: register schedule E:\hqyj\vue\08\app\server\node_modules\egg-logrotator\app\schedule\clean_log.js
2020-09-22 09:36:46,752 INFO 5588 [egg-schedule]: register schedule E:\hqyj\vue\08\app\server\node_modules\egg-logrotator\app\schedule\rotate_by_file.js
2020-09-22 09:36:47,459 INFO 7340 [Timer] E:\hqyj\vue\08\app\server\node_modules\egg-multipart\app\schedule\clean_tmpdir.js next time will execute after 67992550ms at 2020-09-23 04:30:00.008
2020-09-22 09:36:47,460 INFO 7340 [Timer] E:\hqyj\vue\08\app\server\node_modules\egg-logrotator\app\schedule\clean_log.js next time will execute after 51792541ms at 2020-09-23 00:00:00.001
2020-09-22 09:36:47,461 INFO 7340 [Timer] E:\hqyj\vue\08\app\server\node_modules\egg-logrotator\app\schedule\rotate_by_file.js next time will execute after 51793540ms at 2020-09-23 00:00:01.001
2020-09-22 09:56:04,149 INFO 5556 [egg-schedule]: register schedule E:\hqyj\vue\08\app\server\node_modules\egg-multipart\app\schedule\clean_tmpdir.js
2020-09-22 09:56:04,149 INFO 5556 [egg-schedule]: register schedule E:\hqyj\vue\08\app\server\node_modules\egg-logrotator\app\schedule\clean_log.js
2020-09-22 09:56:04,149 INFO 5556 [egg-schedule]: register schedule E:\hqyj\vue\08\app\server\node_modules\egg-logrotator\app\schedule\rotate_by_file.js
2020-09-22 09:58:42,099 INFO 8632 [egg-schedule]: register schedule E:\hqyj\vue\08\app\server\node_modules\egg-multipart\app\schedule\clean_tmpdir.js
2020-09-22 09:58:42,099 INFO 8632 [egg-schedule]: register schedule E:\hqyj\vue\08\app\server\node_modules\egg-logrotator\app\schedule\clean_log.js
2020-09-22 09:58:42,099 INFO 8632 [egg-schedule]: register schedule E:\hqyj\vue\08\app\server\node_modules\egg-logrotator\app\schedule\rotate_by_file.js
2020-09-22 09:58:50,235 INFO 7104 [egg-schedule]: register schedule E:\hqyj\vue\08\app\server\node_modules\egg-multipart\app\schedule\clean_tmpdir.js
2020-09-22 09:58:50,235 INFO 7104 [egg-schedule]: register schedule E:\hqyj\vue\08\app\server\node_modules\egg-logrotator\app\schedule\clean_log.js
2020-09-22 09:58:50,235 INFO 7104 [egg-schedule]: register schedule E:\hqyj\vue\08\app\server\node_modules\egg-logrotator\app\schedule\rotate_by_file.js
2020-09-22 09:58:55,490 INFO 7584 [egg-schedule]: register schedule E:\hqyj\vue\08\app\server\node_modules\egg-multipart\app\schedule\clean_tmpdir.js
2020-09-22 09:58:55,490 INFO 7584 [egg-schedule]: register schedule E:\hqyj\vue\08\app\server\node_modules\egg-logrotator\app\schedule\clean_log.js
2020-09-22 09:58:55,490 INFO 7584 [egg-schedule]: register schedule E:\hqyj\vue\08\app\server\node_modules\egg-logrotator\app\schedule\rotate_by_file.js
2020-09-22 09:59:07,063 INFO 4420 [egg-schedule]: register schedule E:\hqyj\vue\08\app\server\node_modules\egg-multipart\app\schedule\clean_tmpdir.js
2020-09-22 09:59:07,063 INFO 4420 [egg-schedule]: register schedule E:\hqyj\vue\08\app\server\node_modules\egg-logrotator\app\schedule\clean_log.js
2020-09-22 09:59:07,064 INFO 4420 [egg-schedule]: register schedule E:\hqyj\vue\08\app\server\node_modules\egg-logrotator\app\schedule\rotate_by_file.js
2020-09-22 10:01:13,196 INFO 8544 [egg-schedule]: register schedule E:\hqyj\vue\08\app\server\node_modules\egg-multipart\app\schedule\clean_tmpdir.js
2020-09-22 10:01:13,196 INFO 8544 [egg-schedule]: register schedule E:\hqyj\vue\08\app\server\node_modules\egg-logrotator\app\schedule\clean_log.js
2020-09-22 10:01:13,196 INFO 8544 [egg-schedule]: register schedule E:\hqyj\vue\08\app\server\node_modules\egg-logrotator\app\schedule\rotate_by_file.js
2020-09-22 10:02:54,252 INFO 7336 [egg-schedule]: register schedule E:\hqyj\vue\08\app\server\node_modules\egg-multipart\app\schedule\clean_tmpdir.js
2020-09-22 10:02:54,253 INFO 7336 [egg-schedule]: register schedule E:\hqyj\vue\08\app\server\node_modules\egg-logrotator\app\schedule\clean_log.js
2020-09-22 10:02:54,253 INFO 7336 [egg-schedule]: register schedule E:\hqyj\vue\08\app\server\node_modules\egg-logrotator\app\schedule\rotate_by_file.js
2020-09-22 10:02:54,936 INFO 6216 [Timer] E:\hqyj\vue\08\app\server\node_modules\egg-multipart\app\schedule\clean_tmpdir.js next time will execute after 66425072ms at 2020-09-23 04:30:00.008
2020-09-22 10:02:54,937 INFO 6216 [Timer] E:\hqyj\vue\08\app\server\node_modules\egg-logrotator\app\schedule\clean_log.js next time will execute after 50225064ms at 2020-09-23 00:00:00.001
2020-09-22 10:02:54,938 INFO 6216 [Timer] E:\hqyj\vue\08\app\server\node_modules\egg-logrotator\app\schedule\rotate_by_file.js next time will execute after 50226063ms at 2020-09-23 00:00:01.001
2020-09-22 10:06:05,662 INFO 8684 [egg-schedule]: register schedule E:\hqyj\vue\08\app\server\node_modules\egg-multipart\app\schedule\clean_tmpdir.js
2020-09-22 10:06:05,662 INFO 8684 [egg-schedule]: register schedule E:\hqyj\vue\08\app\server\node_modules\egg-logrotator\app\schedule\clean_log.js
2020-09-22 10:06:05,662 INFO 8684 [egg-schedule]: register schedule E:\hqyj\vue\08\app\server\node_modules\egg-logrotator\app\schedule\rotate_by_file.js
2020-09-22 10:06:06,319 INFO 6968 [Timer] E:\hqyj\vue\08\app\server\node_modules\egg-multipart\app\schedule\clean_tmpdir.js next time will execute after 66233690ms at 2020-09-23 04:30:00.009
2020-09-22 10:06:06,320 INFO 6968 [Timer] E:\hqyj\vue\08\app\server\node_modules\egg-logrotator\app\schedule\clean_log.js next time will execute after 50033680ms at 2020-09-23 00:00:00.000
2020-09-22 10:06:06,322 INFO 6968 [Timer] E:\hqyj\vue\08\app\server\node_modules\egg-logrotator\app\schedule\rotate_by_file.js next time will execute after 50034680ms at 2020-09-23 00:00:01.002
2020-09-22 10:07:58,946 INFO 1380 [egg-schedule]: register schedule E:\hqyj\vue\08\app\server\node_modules\egg-multipart\app\schedule\clean_tmpdir.js
2020-09-22 10:07:58,946 INFO 1380 [egg-schedule]: register schedule E:\hqyj\vue\08\app\server\node_modules\egg-logrotator\app\schedule\clean_log.js
2020-09-22 10:07:58,946 INFO 1380 [egg-schedule]: register schedule E:\hqyj\vue\08\app\server\node_modules\egg-logrotator\app\schedule\rotate_by_file.js
2020-09-22 10:09:17,233 INFO 7028 [egg-schedule]: register schedule E:\hqyj\vue\08\app\server\node_modules\egg-multipart\app\schedule\clean_tmpdir.js
2020-09-22 10:09:17,233 INFO 7028 [egg-schedule]: register schedule E:\hqyj\vue\08\app\server\node_modules\egg-logrotator\app\schedule\clean_log.js
2020-09-22 10:09:17,233 INFO 7028 [egg-schedule]: register schedule E:\hqyj\vue\08\app\server\node_modules\egg-logrotator\app\schedule\rotate_by_file.js
2020-09-22 10:09:17,926 INFO 8036 [Timer] E:\hqyj\vue\08\app\server\node_modules\egg-multipart\app\schedule\clean_tmpdir.js next time will execute after 66042083ms at 2020-09-23 04:30:00.009
2020-09-22 10:09:17,927 INFO 8036 [Timer] E:\hqyj\vue\08\app\server\node_modules\egg-logrotator\app\schedule\clean_log.js next time will execute after 49842074ms at 2020-09-23 00:00:00.001
2020-09-22 10:09:17,928 INFO 8036 [Timer] E:\hqyj\vue\08\app\server\node_modules\egg-logrotator\app\schedule\rotate_by_file.js next time will execute after 49843073ms at 2020-09-23 00:00:01.001
2020-09-22 10:10:10,934 INFO 8524 [egg-schedule]: register schedule E:\hqyj\vue\08\app\server\node_modules\egg-multipart\app\schedule\clean_tmpdir.js
2020-09-22 10:10:10,934 INFO 8524 [egg-schedule]: register schedule E:\hqyj\vue\08\app\server\node_modules\egg-logrotator\app\schedule\clean_log.js
2020-09-22 10:10:10,934 INFO 8524 [egg-schedule]: register schedule E:\hqyj\vue\08\app\server\node_modules\egg-logrotator\app\schedule\rotate_by_file.js
2020-09-22 10:10:11,661 INFO 8540 [Timer] E:\hqyj\vue\08\app\server\node_modules\egg-multipart\app\schedule\clean_tmpdir.js next time will execute after 65988348ms at 2020-09-23 04:30:00.009
2020-09-22 10:10:11,662 INFO 8540 [Timer] E:\hqyj\vue\08\app\server\node_modules\egg-logrotator\app\schedule\clean_log.js next time will execute after 49788339ms at 2020-09-23 00:00:00.001
2020-09-22 10:10:11,663 INFO 8540 [Timer] E:\hqyj\vue\08\app\server\node_modules\egg-logrotator\app\schedule\rotate_by_file.js next time will execute after 49789338ms at 2020-09-23 00:00:01.001
2020-09-22 10:15:21,210 INFO 168 [egg-schedule]: register schedule E:\hqyj\vue\08\app\server\node_modules\egg-multipart\app\schedule\clean_tmpdir.js
2020-09-22 10:15:21,210 INFO 168 [egg-schedule]: register schedule E:\hqyj\vue\08\app\server\node_modules\egg-logrotator\app\schedule\clean_log.js
2020-09-22 10:15:21,210 INFO 168 [egg-schedule]: register schedule E:\hqyj\vue\08\app\server\node_modules\egg-logrotator\app\schedule\rotate_by_file.js
2020-09-22 10:15:21,910 INFO 296 [Timer] E:\hqyj\vue\08\app\server\node_modules\egg-multipart\app\schedule\clean_tmpdir.js next time will execute after 65678098ms at 2020-09-23 04:30:00.008
2020-09-22 10:15:21,911 INFO 296 [Timer] E:\hqyj\vue\08\app\server\node_modules\egg-logrotator\app\schedule\clean_log.js next time will execute after 49478090ms at 2020-09-23 00:00:00.001
2020-09-22 10:15:21,912 INFO 296 [Timer] E:\hqyj\vue\08\app\server\node_modules\egg-logrotator\app\schedule\rotate_by_file.js next time will execute after 49479089ms at 2020-09-23 00:00:01.001
2020-09-22 10:18:20,985 INFO 7188 [egg-schedule]: register schedule E:\hqyj\vue\08\app\server\node_modules\egg-multipart\app\schedule\clean_tmpdir.js
2020-09-22 10:18:20,985 INFO 7188 [egg-schedule]: register schedule E:\hqyj\vue\08\app\server\node_modules\egg-logrotator\app\schedule\clean_log.js
2020-09-22 10:18:20,986 INFO 7188 [egg-schedule]: register schedule E:\hqyj\vue\08\app\server\node_modules\egg-logrotator\app\schedule\rotate_by_file.js
2020-09-22 10:18:46,991 INFO 8704 [egg-schedule]: register schedule E:\hqyj\vue\08\app\server\node_modules\egg-multipart\app\schedule\clean_tmpdir.js
2020-09-22 10:18:46,991 INFO 8704 [egg-schedule]: register schedule E:\hqyj\vue\08\app\server\node_modules\egg-logrotator\app\schedule\clean_log.js
2020-09-22 10:18:46,991 INFO 8704 [egg-schedule]: register schedule E:\hqyj\vue\08\app\server\node_modules\egg-logrotator\app\schedule\rotate_by_file.js
2020-09-22 10:18:47,650 INFO 7036 [Timer] E:\hqyj\vue\08\app\server\node_modules\egg-multipart\app\schedule\clean_tmpdir.js next time will execute after 65472359ms at 2020-09-23 04:30:00.009
2020-09-22 10:18:47,651 INFO 7036 [Timer] E:\hqyj\vue\08\app\server\node_modules\egg-logrotator\app\schedule\clean_log.js next time will execute after 49272350ms at 2020-09-23 00:00:00.001
2020-09-22 10:18:47,652 INFO 7036 [Timer] E:\hqyj\vue\08\app\server\node_modules\egg-logrotator\app\schedule\rotate_by_file.js next time will execute after 49273349ms at 2020-09-23 00:00:01.001
2020-09-22 10:25:29,450 INFO 7904 [egg-schedule]: register schedule E:\hqyj\vue\08\app\server\node_modules\egg-multipart\app\schedule\clean_tmpdir.js
2020-09-22 10:25:29,450 INFO 7904 [egg-schedule]: register schedule E:\hqyj\vue\08\app\server\node_modules\egg-logrotator\app\schedule\clean_log.js
2020-09-22 10:25:29,450 INFO 7904 [egg-schedule]: register schedule E:\hqyj\vue\08\app\server\node_modules\egg-logrotator\app\schedule\rotate_by_file.js
2020-09-22 10:30:49,126 INFO 8660 [egg-schedule]: register schedule E:\hqyj\vue\08\app\server\node_modules\egg-multipart\app\schedule\clean_tmpdir.js
2020-09-22 10:30:49,126 INFO 8660 [egg-schedule]: register schedule E:\hqyj\vue\08\app\server\node_modules\egg-logrotator\app\schedule\clean_log.js
2020-09-22 10:30:49,126 INFO 8660 [egg-schedule]: register schedule E:\hqyj\vue\08\app\server\node_modules\egg-logrotator\app\schedule\rotate_by_file.js
2020-09-22 10:34:38,625 INFO 6424 [egg-schedule]: register schedule E:\hqyj\vue\08\app\server\node_modules\egg-multipart\app\schedule\clean_tmpdir.js
2020-09-22 10:34:38,625 INFO 6424 [egg-schedule]: register schedule E:\hqyj\vue\08\app\server\node_modules\egg-logrotator\app\schedule\clean_log.js
2020-09-22 10:34:38,625 INFO 6424 [egg-schedule]: register schedule E:\hqyj\vue\08\app\server\node_modules\egg-logrotator\app\schedule\rotate_by_file.js
2020-09-22 10:35:10,124 INFO 340 [egg-schedule]: register schedule E:\hqyj\vue\08\app\server\node_modules\egg-multipart\app\schedule\clean_tmpdir.js
2020-09-22 10:35:10,124 INFO 340 [egg-schedule]: register schedule E:\hqyj\vue\08\app\server\node_modules\egg-logrotator\app\schedule\clean_log.js
2020-09-22 10:35:10,124 INFO 340 [egg-schedule]: register schedule E:\hqyj\vue\08\app\server\node_modules\egg-logrotator\app\schedule\rotate_by_file.js
2020-09-22 10:36:27,504 INFO 5588 [egg-schedule]: register schedule E:\hqyj\vue\08\app\server\node_modules\egg-multipart\app\schedule\clean_tmpdir.js
2020-09-22 10:36:27,504 INFO 5588 [egg-schedule]: register schedule E:\hqyj\vue\08\app\server\node_modules\egg-logrotator\app\schedule\clean_log.js
2020-09-22 10:36:27,504 INFO 5588 [egg-schedule]: register schedule E:\hqyj\vue\08\app\server\node_modules\egg-logrotator\app\schedule\rotate_by_file.js
2020-09-22 10:36:28,255 INFO 7600 [Timer] E:\hqyj\vue\08\app\server\node_modules\egg-multipart\app\schedule\clean_tmpdir.js next time will execute after 64411755ms at 2020-09-23 04:30:00.010
2020-09-22 10:36:28,257 INFO 7600 [Timer] E:\hqyj\vue\08\app\server\node_modules\egg-logrotator\app\schedule\clean_log.js next time will execute after 48211744ms at 2020-09-23 00:00:00.000
2020-09-22 10:36:28,258 INFO 7600 [Timer] E:\hqyj\vue\08\app\server\node_modules\egg-logrotator\app\schedule\rotate_by_file.js next time will execute after 48212743ms at 2020-09-23 00:00:01.001
2020-09-22 10:39:36,743 INFO 8824 [egg-schedule]: register schedule E:\hqyj\vue\08\app\server\node_modules\egg-multipart\app\schedule\clean_tmpdir.js
2020-09-22 10:39:36,743 INFO 8824 [egg-schedule]: register schedule E:\hqyj\vue\08\app\server\node_modules\egg-logrotator\app\schedule\clean_log.js
2020-09-22 10:39:36,744 INFO 8824 [egg-schedule]: register schedule E:\hqyj\vue\08\app\server\node_modules\egg-logrotator\app\schedule\rotate_by_file.js
2020-09-22 10:39:37,476 INFO 7032 [Timer] E:\hqyj\vue\08\app\server\node_modules\egg-multipart\app\schedule\clean_tmpdir.js next time will execute after 64222535ms at 2020-09-23 04:30:00.011
2020-09-22 10:39:37,478 INFO 7032 [Timer] E:\hqyj\vue\08\app\server\node_modules\egg-logrotator\app\schedule\clean_log.js next time will execute after 48022523ms at 2020-09-23 00:00:00.001
2020-09-22 10:39:37,479 INFO 7032 [Timer] E:\hqyj\vue\08\app\server\node_modules\egg-logrotator\app\schedule\rotate_by_file.js next time will execute after 48023522ms at 2020-09-23 00:00:01.001
2020-09-22 10:56:54,866 INFO 9996 [egg-schedule]: register schedule E:\hqyj\vue\08\app\server\node_modules\egg-multipart\app\schedule\clean_tmpdir.js
2020-09-22 10:56:54,866 INFO 9996 [egg-schedule]: register schedule E:\hqyj\vue\08\app\server\node_modules\egg-logrotator\app\schedule\clean_log.js
2020-09-22 10:56:54,866 INFO 9996 [egg-schedule]: register schedule E:\hqyj\vue\08\app\server\node_modules\egg-logrotator\app\schedule\rotate_by_file.js
2020-09-22 10:57:00,090 INFO 9720 [egg-schedule]: register schedule E:\hqyj\vue\08\app\server\node_modules\egg-multipart\app\schedule\clean_tmpdir.js
2020-09-22 10:57:00,090 INFO 9720 [egg-schedule]: register schedule E:\hqyj\vue\08\app\server\node_modules\egg-logrotator\app\schedule\clean_log.js
2020-09-22 10:57:00,091 INFO 9720 [egg-schedule]: register schedule E:\hqyj\vue\08\app\server\node_modules\egg-logrotator\app\schedule\rotate_by_file.js
2020-09-22 10:58:35,550 INFO 9476 [egg-schedule]: register schedule E:\hqyj\vue\08\app\server\node_modules\egg-multipart\app\schedule\clean_tmpdir.js
2020-09-22 10:58:35,550 INFO 9476 [egg-schedule]: register schedule E:\hqyj\vue\08\app\server\node_modules\egg-logrotator\app\schedule\clean_log.js
2020-09-22 10:58:35,550 INFO 9476 [egg-schedule]: register schedule E:\hqyj\vue\08\app\server\node_modules\egg-logrotator\app\schedule\rotate_by_file.js
2020-09-22 11:20:33,374 INFO 10124 [egg-schedule]: register schedule E:\hqyj\vue\08\app\server\node_modules\egg-multipart\app\schedule\clean_tmpdir.js
2020-09-22 11:20:33,374 INFO 10124 [egg-schedule]: register schedule E:\hqyj\vue\08\app\server\node_modules\egg-logrotator\app\schedule\clean_log.js
2020-09-22 11:20:33,374 INFO 10124 [egg-schedule]: register schedule E:\hqyj\vue\08\app\server\node_modules\egg-logrotator\app\schedule\rotate_by_file.js
2020-09-22 11:20:50,161 INFO 8328 [egg-schedule]: register schedule E:\hqyj\vue\08\app\server\node_modules\egg-multipart\app\schedule\clean_tmpdir.js
2020-09-22 11:20:50,161 INFO 8328 [egg-schedule]: register schedule E:\hqyj\vue\08\app\server\node_modules\egg-logrotator\app\schedule\clean_log.js
2020-09-22 11:20:50,161 INFO 8328 [egg-schedule]: register schedule E:\hqyj\vue\08\app\server\node_modules\egg-logrotator\app\schedule\rotate_by_file.js
2020-09-22 11:21:31,948 INFO 7844 [egg-schedule]: register schedule E:\hqyj\vue\08\app\server\node_modules\egg-multipart\app\schedule\clean_tmpdir.js
2020-09-22 11:21:31,948 INFO 7844 [egg-schedule]: register schedule E:\hqyj\vue\08\app\server\node_modules\egg-logrotator\app\schedule\clean_log.js
2020-09-22 11:21:31,948 INFO 7844 [egg-schedule]: register schedule E:\hqyj\vue\08\app\server\node_modules\egg-logrotator\app\schedule\rotate_by_file.js
2020-09-22 11:21:42,817 INFO 9384 [egg-schedule]: register schedule E:\hqyj\vue\08\app\server\node_modules\egg-multipart\app\schedule\clean_tmpdir.js
2020-09-22 11:21:42,817 INFO 9384 [egg-schedule]: register schedule E:\hqyj\vue\08\app\server\node_modules\egg-logrotator\app\schedule\clean_log.js
2020-09-22 11:21:42,817 INFO 9384 [egg-schedule]: register schedule E:\hqyj\vue\08\app\server\node_modules\egg-logrotator\app\schedule\rotate_by_file.js
2020-09-22 11:32:54,893 INFO 8592 [egg-schedule]: register schedule E:\hqyj\vue\08\app\server\node_modules\egg-multipart\app\schedule\clean_tmpdir.js
2020-09-22 11:32:54,893 INFO 8592 [egg-schedule]: register schedule E:\hqyj\vue\08\app\server\node_modules\egg-logrotator\app\schedule\clean_log.js
2020-09-22 11:32:54,893 INFO 8592 [egg-schedule]: register schedule E:\hqyj\vue\08\app\server\node_modules\egg-logrotator\app\schedule\rotate_by_file.js
2020-09-22 11:48:56,151 INFO 10408 [Timer] E:\hqyj\vue\08\app\server\node_modules\egg-multipart\app\schedule\clean_tmpdir.js next time will execute after 60063858ms at 2020-09-23 04:30:00.009
2020-09-22 11:48:56,152 INFO 10408 [Timer] E:\hqyj\vue\08\app\server\node_modules\egg-logrotator\app\schedule\clean_log.js next time will execute after 43863848ms at 2020-09-23 00:00:00.000
2020-09-22 11:48:56,153 INFO 10408 [Timer] E:\hqyj\vue\08\app\server\node_modules\egg-logrotator\app\schedule\rotate_by_file.js next time will execute after 43864848ms at 2020-09-23 00:00:01.001
2020-09-22 11:48:55,382 INFO 8620 [egg-schedule]: register schedule E:\hqyj\vue\08\app\server\node_modules\egg-multipart\app\schedule\clean_tmpdir.js
2020-09-22 11:48:55,382 INFO 8620 [egg-schedule]: register schedule E:\hqyj\vue\08\app\server\node_modules\egg-logrotator\app\schedule\clean_log.js
2020-09-22 11:48:55,382 INFO 8620 [egg-schedule]: register schedule E:\hqyj\vue\08\app\server\node_modules\egg-logrotator\app\schedule\rotate_by_file.js
2020-09-22 13:43:49,654 INFO 10220 [egg-schedule]: register schedule E:\hqyj\vue\08\app\server\node_modules\egg-multipart\app\schedule\clean_tmpdir.js
2020-09-22 13:43:49,654 INFO 10220 [egg-schedule]: register schedule E:\hqyj\vue\08\app\server\node_modules\egg-logrotator\app\schedule\clean_log.js
2020-09-22 13:43:49,654 INFO 10220 [egg-schedule]: register schedule E:\hqyj\vue\08\app\server\node_modules\egg-logrotator\app\schedule\rotate_by_file.js
2020-09-22 13:43:50,404 INFO 11028 [Timer] E:\hqyj\vue\08\app\server\node_modules\egg-multipart\app\schedule\clean_tmpdir.js next time will execute after 53169607ms at 2020-09-23 04:30:00.011
2020-09-22 13:43:50,405 INFO 11028 [Timer] E:\hqyj\vue\08\app\server\node_modules\egg-logrotator\app\schedule\clean_log.js next time will execute after 36969596ms at 2020-09-23 00:00:00.001
2020-09-22 13:43:50,405 INFO 11028 [Timer] E:\hqyj\vue\08\app\server\node_modules\egg-logrotator\app\schedule\rotate_by_file.js next time will execute after 36970595ms at 2020-09-23 00:00:01.000
2020-09-22 13:46:11,431 INFO 9420 [Timer] E:\hqyj\vue\08\app\server\node_modules\egg-multipart\app\schedule\clean_tmpdir.js next time will execute after 53028577ms at 2020-09-23 04:30:00.008
2020-09-22 13:46:11,433 INFO 9420 [Timer] E:\hqyj\vue\08\app\server\node_modules\egg-logrotator\app\schedule\clean_log.js next time will execute after 36828568ms at 2020-09-23 00:00:00.000
2020-09-22 13:46:11,434 INFO 9420 [Timer] E:\hqyj\vue\08\app\server\node_modules\egg-logrotator\app\schedule\rotate_by_file.js next time will execute after 36829567ms at 2020-09-23 00:00:01.001
2020-09-22 13:46:10,716 INFO 7208 [egg-schedule]: register schedule E:\hqyj\vue\08\app\server\node_modules\egg-multipart\app\schedule\clean_tmpdir.js
2020-09-22 13:46:10,716 INFO 7208 [egg-schedule]: register schedule E:\hqyj\vue\08\app\server\node_modules\egg-logrotator\app\schedule\clean_log.js
2020-09-22 13:46:10,716 INFO 7208 [egg-schedule]: register schedule E:\hqyj\vue\08\app\server\node_modules\egg-logrotator\app\schedule\rotate_by_file.js
2020-09-22 13:48:24,148 INFO 9004 [egg-schedule]: register schedule E:\hqyj\vue\08\app\server\node_modules\egg-multipart\app\schedule\clean_tmpdir.js
2020-09-22 13:48:24,148 INFO 9004 [egg-schedule]: register schedule E:\hqyj\vue\08\app\server\node_modules\egg-logrotator\app\schedule\clean_log.js
2020-09-22 13:48:24,148 INFO 9004 [egg-schedule]: register schedule E:\hqyj\vue\08\app\server\node_modules\egg-logrotator\app\schedule\rotate_by_file.js
2020-09-22 13:48:24,883 INFO 10616 [Timer] E:\hqyj\vue\08\app\server\node_modules\egg-multipart\app\schedule\clean_tmpdir.js next time will execute after 52895125ms at 2020-09-23 04:30:00.008
2020-09-22 13:48:24,884 INFO 10616 [Timer] E:\hqyj\vue\08\app\server\node_modules\egg-logrotator\app\schedule\clean_log.js next time will execute after 36695116ms at 2020-09-23 00:00:00.000
2020-09-22 13:48:24,885 INFO 10616 [Timer] E:\hqyj\vue\08\app\server\node_modules\egg-logrotator\app\schedule\rotate_by_file.js next time will execute after 36696116ms at 2020-09-23 00:00:01.001
2020-09-22 14:04:09,801 INFO 9828 [egg-schedule]: register schedule E:\hqyj\vue\08\app\server\node_modules\egg-multipart\app\schedule\clean_tmpdir.js
2020-09-22 14:04:09,801 INFO 9828 [egg-schedule]: register schedule E:\hqyj\vue\08\app\server\node_modules\egg-logrotator\app\schedule\clean_log.js
2020-09-22 14:04:09,801 INFO 9828 [egg-schedule]: register schedule E:\hqyj\vue\08\app\server\node_modules\egg-logrotator\app\schedule\rotate_by_file.js
2020-09-22 14:24:05,403 INFO 6436 [Timer] E:\hqyj\vue\08\app\server\node_modules\egg-multipart\app\schedule\clean_tmpdir.js next time will execute after 50754605ms at 2020-09-23 04:30:00.008
2020-09-22 14:24:05,404 INFO 6436 [Timer] E:\hqyj\vue\08\app\server\node_modules\egg-logrotator\app\schedule\clean_log.js next time will execute after 34554596ms at 2020-09-23 00:00:00.000
2020-09-22 14:24:05,405 INFO 6436 [Timer] E:\hqyj\vue\08\app\server\node_modules\egg-logrotator\app\schedule\rotate_by_file.js next time will execute after 34555595ms at 2020-09-23 00:00:01.000
2020-09-22 14:24:04,651 INFO 7384 [egg-schedule]: register schedule E:\hqyj\vue\08\app\server\node_modules\egg-multipart\app\schedule\clean_tmpdir.js
2020-09-22 14:24:04,652 INFO 7384 [egg-schedule]: register schedule E:\hqyj\vue\08\app\server\node_modules\egg-logrotator\app\schedule\clean_log.js
2020-09-22 14:24:04,652 INFO 7384 [egg-schedule]: register schedule E:\hqyj\vue\08\app\server\node_modules\egg-logrotator\app\schedule\rotate_by_file.js
2020-09-22 14:42:56,484 INFO 1988 [egg-schedule]: register schedule E:\hqyj\vue\08\app\server\node_modules\egg-multipart\app\schedule\clean_tmpdir.js
2020-09-22 14:42:56,485 INFO 1988 [egg-schedule]: register schedule E:\hqyj\vue\08\app\server\node_modules\egg-logrotator\app\schedule\clean_log.js
2020-09-22 14:42:56,485 INFO 1988 [egg-schedule]: register schedule E:\hqyj\vue\08\app\server\node_modules\egg-logrotator\app\schedule\rotate_by_file.js
2020-09-22 14:54:23,791 INFO 7212 [egg-schedule]: register schedule E:\hqyj\vue\08\app\server\node_modules\egg-multipart\app\schedule\clean_tmpdir.js
2020-09-22 14:54:23,791 INFO 7212 [egg-schedule]: register schedule E:\hqyj\vue\08\app\server\node_modules\egg-logrotator\app\schedule\clean_log.js
2020-09-22 14:54:23,791 INFO 7212 [egg-schedule]: register schedule E:\hqyj\vue\08\app\server\node_modules\egg-logrotator\app\schedule\rotate_by_file.js
2020-09-22 15:03:55,073 INFO 8468 [egg-schedule]: register schedule E:\hqyj\vue\08\app\server\node_modules\egg-multipart\app\schedule\clean_tmpdir.js
2020-09-22 15:03:55,074 INFO 8468 [egg-schedule]: register schedule E:\hqyj\vue\08\app\server\node_modules\egg-logrotator\app\schedule\clean_log.js
2020-09-22 15:03:55,074 INFO 8468 [egg-schedule]: register schedule E:\hqyj\vue\08\app\server\node_modules\egg-logrotator\app\schedule\rotate_by_file.js
2020-09-22 15:03:55,778 INFO 8996 [Timer] E:\hqyj\vue\08\app\server\node_modules\egg-multipart\app\schedule\clean_tmpdir.js next time will execute after 48364229ms at 2020-09-23 04:30:00.007
2020-09-22 15:03:55,779 INFO 8996 [Timer] E:\hqyj\vue\08\app\server\node_modules\egg-logrotator\app\schedule\clean_log.js next time will execute after 32164221ms at 2020-09-23 00:00:00.000
2020-09-22 15:03:55,780 INFO 8996 [Timer] E:\hqyj\vue\08\app\server\node_modules\egg-logrotator\app\schedule\rotate_by_file.js next time will execute after 32165220ms at 2020-09-23 00:00:01.000
2020-09-22 15:05:17,198 INFO 10728 [Timer] E:\hqyj\vue\08\app\server\node_modules\egg-multipart\app\schedule\clean_tmpdir.js next time will execute after 48282811ms at 2020-09-23 04:30:00.009
2020-09-22 15:05:17,200 INFO 10728 [Timer] E:\hqyj\vue\08\app\server\node_modules\egg-logrotator\app\schedule\clean_log.js next time will execute after 32082801ms at 2020-09-23 00:00:00.001
2020-09-22 15:05:17,201 INFO 10728 [Timer] E:\hqyj\vue\08\app\server\node_modules\egg-logrotator\app\schedule\rotate_by_file.js next time will execute after 32083800ms at 2020-09-23 00:00:01.001
2020-09-22 15:05:16,471 INFO 5264 [egg-schedule]: register schedule E:\hqyj\vue\08\app\server\node_modules\egg-multipart\app\schedule\clean_tmpdir.js
2020-09-22 15:05:16,471 INFO 5264 [egg-schedule]: register schedule E:\hqyj\vue\08\app\server\node_modules\egg-logrotator\app\schedule\clean_log.js
2020-09-22 15:05:16,471 INFO 5264 [egg-schedule]: register schedule E:\hqyj\vue\08\app\server\node_modules\egg-logrotator\app\schedule\rotate_by_file.js
2020-09-22 15:22:16,324 INFO 10676 [egg-schedule]: register schedule E:\hqyj\vue\08\app\server\node_modules\egg-multipart\app\schedule\clean_tmpdir.js
2020-09-22 15:22:16,324 INFO 10676 [egg-schedule]: register schedule E:\hqyj\vue\08\app\server\node_modules\egg-logrotator\app\schedule\clean_log.js
2020-09-22 15:22:16,324 INFO 10676 [egg-schedule]: register schedule E:\hqyj\vue\08\app\server\node_modules\egg-logrotator\app\schedule\rotate_by_file.js
2020-09-22 15:22:17,044 INFO 11056 [Timer] E:\hqyj\vue\08\app\server\node_modules\egg-multipart\app\schedule\clean_tmpdir.js next time will execute after 47262966ms at 2020-09-23 04:30:00.010
2020-09-22 15:22:17,045 INFO 11056 [Timer] E:\hqyj\vue\08\app\server\node_modules\egg-logrotator\app\schedule\clean_log.js next time will execute after 31062956ms at 2020-09-23 00:00:00.001
2020-09-22 15:22:17,046 INFO 11056 [Timer] E:\hqyj\vue\08\app\server\node_modules\egg-logrotator\app\schedule\rotate_by_file.js next time will execute after 31063955ms at 2020-09-23 00:00:01.001
2020-09-22 15:24:14,231 INFO 9444 [Timer] E:\hqyj\vue\08\app\server\node_modules\egg-multipart\app\schedule\clean_tmpdir.js next time will execute after 47145777ms at 2020-09-23 04:30:00.007
2020-09-22 15:24:14,231 INFO 9444 [Timer] E:\hqyj\vue\08\app\server\node_modules\egg-logrotator\app\schedule\clean_log.js next time will execute after 30945769ms at 2020-09-23 00:00:00.000
2020-09-22 15:24:14,232 INFO 9444 [Timer] E:\hqyj\vue\08\app\server\node_modules\egg-logrotator\app\schedule\rotate_by_file.js next time will execute after 30946768ms at 2020-09-23 00:00:01.000
2020-09-22 15:24:13,521 INFO 6296 [egg-schedule]: register schedule E:\hqyj\vue\08\app\server\node_modules\egg-multipart\app\schedule\clean_tmpdir.js
2020-09-22 15:24:13,521 INFO 6296 [egg-schedule]: register schedule E:\hqyj\vue\08\app\server\node_modules\egg-logrotator\app\schedule\clean_log.js
2020-09-22 15:24:13,521 INFO 6296 [egg-schedule]: register schedule E:\hqyj\vue\08\app\server\node_modules\egg-logrotator\app\schedule\rotate_by_file.js
2020-09-22 15:29:07,358 INFO 8212 [egg-schedule]: register schedule E:\hqyj\vue\08\app\server\node_modules\egg-multipart\app\schedule\clean_tmpdir.js
2020-09-22 15:29:07,358 INFO 8212 [egg-schedule]: register schedule E:\hqyj\vue\08\app\server\node_modules\egg-logrotator\app\schedule\clean_log.js
2020-09-22 15:29:07,358 INFO 8212 [egg-schedule]: register schedule E:\hqyj\vue\08\app\server\node_modules\egg-logrotator\app\schedule\rotate_by_file.js
2020-09-22 15:29:08,072 INFO 340 [Timer] E:\hqyj\vue\08\app\server\node_modules\egg-multipart\app\schedule\clean_tmpdir.js next time will execute after 46851937ms at 2020-09-23 04:30:00.009
2020-09-22 15:29:08,073 INFO 340 [Timer] E:\hqyj\vue\08\app\server\node_modules\egg-logrotator\app\schedule\clean_log.js next time will execute after 30651928ms at 2020-09-23 00:00:00.001
2020-09-22 15:29:08,074 INFO 340 [Timer] E:\hqyj\vue\08\app\server\node_modules\egg-logrotator\app\schedule\rotate_by_file.js next time will execute after 30652927ms at 2020-09-23 00:00:01.001
2020-09-22 16:42:00,768 INFO 6152 [egg-schedule]: register schedule E:\hqyj\vue\08\app\server\node_modules\egg-multipart\app\schedule\clean_tmpdir.js
2020-09-22 16:42:00,768 INFO 6152 [egg-schedule]: register schedule E:\hqyj\vue\08\app\server\node_modules\egg-logrotator\app\schedule\clean_log.js
2020-09-22 16:42:00,768 INFO 6152 [egg-schedule]: register schedule E:\hqyj\vue\08\app\server\node_modules\egg-logrotator\app\schedule\rotate_by_file.js
2020-09-22 16:42:01,644 INFO 11228 [Timer] E:\hqyj\vue\08\app\server\node_modules\egg-multipart\app\schedule\clean_tmpdir.js next time will execute after 42478364ms at 2020-09-23 04:30:00.008
2020-09-22 16:42:01,645 INFO 11228 [Timer] E:\hqyj\vue\08\app\server\node_modules\egg-logrotator\app\schedule\clean_log.js next time will execute after 26278356ms at 2020-09-23 00:00:00.001
2020-09-22 16:42:01,646 INFO 11228 [Timer] E:\hqyj\vue\08\app\server\node_modules\egg-logrotator\app\schedule\rotate_by_file.js next time will execute after 26279355ms at 2020-09-23 00:00:01.001
2020-09-22 16:48:33,807 INFO 8392 [egg-schedule]: register schedule E:\hqyj\vue\08\app\server\node_modules\egg-multipart\app\schedule\clean_tmpdir.js
2020-09-22 16:48:33,807 INFO 8392 [egg-schedule]: register schedule E:\hqyj\vue\08\app\server\node_modules\egg-logrotator\app\schedule\clean_log.js
2020-09-22 16:48:33,807 INFO 8392 [egg-schedule]: register schedule E:\hqyj\vue\08\app\server\node_modules\egg-logrotator\app\schedule\rotate_by_file.js
2020-09-22 16:48:45,321 INFO 6332 [egg-schedule]: register schedule E:\hqyj\vue\08\app\server\node_modules\egg-multipart\app\schedule\clean_tmpdir.js
2020-09-22 16:48:45,322 INFO 6332 [egg-schedule]: register schedule E:\hqyj\vue\08\app\server\node_modules\egg-logrotator\app\schedule\clean_log.js
2020-09-22 16:48:45,322 INFO 6332 [egg-schedule]: register schedule E:\hqyj\vue\08\app\server\node_modules\egg-logrotator\app\schedule\rotate_by_file.js
2020-09-22 16:49:18,325 INFO 11184 [egg-schedule]: register schedule E:\hqyj\vue\08\app\server\node_modules\egg-multipart\app\schedule\clean_tmpdir.js
2020-09-22 16:49:18,325 INFO 11184 [egg-schedule]: register schedule E:\hqyj\vue\08\app\server\node_modules\egg-logrotator\app\schedule\clean_log.js
2020-09-22 16:49:18,325 INFO 11184 [egg-schedule]: register schedule E:\hqyj\vue\08\app\server\node_modules\egg-logrotator\app\schedule\rotate_by_file.js
2020-09-22 16:49:41,255 INFO 10780 [egg-schedule]: register schedule E:\hqyj\vue\08\app\server\node_modules\egg-multipart\app\schedule\clean_tmpdir.js
2020-09-22 16:49:41,255 INFO 10780 [egg-schedule]: register schedule E:\hqyj\vue\08\app\server\node_modules\egg-logrotator\app\schedule\clean_log.js
2020-09-22 16:49:41,255 INFO 10780 [egg-schedule]: register schedule E:\hqyj\vue\08\app\server\node_modules\egg-logrotator\app\schedule\rotate_by_file.js
2020-09-22 16:49:46,843 INFO 856 [egg-schedule]: register schedule E:\hqyj\vue\08\app\server\node_modules\egg-multipart\app\schedule\clean_tmpdir.js
2020-09-22 16:49:46,843 INFO 856 [egg-schedule]: register schedule E:\hqyj\vue\08\app\server\node_modules\egg-logrotator\app\schedule\clean_log.js
2020-09-22 16:49:46,843 INFO 856 [egg-schedule]: register schedule E:\hqyj\vue\08\app\server\node_modules\egg-logrotator\app\schedule\rotate_by_file.js
2020-09-22 16:50:31,842 INFO 3396 [Timer] E:\hqyj\vue\08\app\server\node_modules\egg-multipart\app\schedule\clean_tmpdir.js next time will execute after 41968166ms at 2020-09-23 04:30:00.008
2020-09-22 16:50:31,843 INFO 3396 [Timer] E:\hqyj\vue\08\app\server\node_modules\egg-logrotator\app\schedule\clean_log.js next time will execute after 25768157ms at 2020-09-23 00:00:00.000
2020-09-22 16:50:31,844 INFO 3396 [Timer] E:\hqyj\vue\08\app\server\node_modules\egg-logrotator\app\schedule\rotate_by_file.js next time will execute after 25769157ms at 2020-09-23 00:00:01.001
2020-09-22 16:50:31,155 INFO 10728 [egg-schedule]: register schedule E:\hqyj\vue\08\app\server\node_modules\egg-multipart\app\schedule\clean_tmpdir.js
2020-09-22 16:50:31,155 INFO 10728 [egg-schedule]: register schedule E:\hqyj\vue\08\app\server\node_modules\egg-logrotator\app\schedule\clean_log.js
2020-09-22 16:50:31,155 INFO 10728 [egg-schedule]: register schedule E:\hqyj\vue\08\app\server\node_modules\egg-logrotator\app\schedule\rotate_by_file.js
2020-09-22 16:57:05,916 INFO 11064 [egg-schedule]: register schedule E:\hqyj\vue\08\app\server\node_modules\egg-multipart\app\schedule\clean_tmpdir.js
2020-09-22 16:57:05,917 INFO 11064 [egg-schedule]: register schedule E:\hqyj\vue\08\app\server\node_modules\egg-logrotator\app\schedule\clean_log.js
2020-09-22 16:57:05,917 INFO 11064 [egg-schedule]: register schedule E:\hqyj\vue\08\app\server\node_modules\egg-logrotator\app\schedule\rotate_by_file.js
2020-09-22 16:57:16,649 INFO 5212 [egg-schedule]: register schedule E:\hqyj\vue\08\app\server\node_modules\egg-multipart\app\schedule\clean_tmpdir.js
2020-09-22 16:57:16,649 INFO 5212 [egg-schedule]: register schedule E:\hqyj\vue\08\app\server\node_modules\egg-logrotator\app\schedule\clean_log.js
2020-09-22 16:57:16,649 INFO 5212 [egg-schedule]: register schedule E:\hqyj\vue\08\app\server\node_modules\egg-logrotator\app\schedule\rotate_by_file.js
2020-09-22 16:58:46,059 INFO 10908 [egg-schedule]: register schedule E:\hqyj\vue\08\app\server\node_modules\egg-multipart\app\schedule\clean_tmpdir.js
2020-09-22 16:58:46,060 INFO 10908 [egg-schedule]: register schedule E:\hqyj\vue\08\app\server\node_modules\egg-logrotator\app\schedule\clean_log.js
2020-09-22 16:58:46,060 INFO 10908 [egg-schedule]: register schedule E:\hqyj\vue\08\app\server\node_modules\egg-logrotator\app\schedule\rotate_by_file.js
2020-09-22 16:59:26,954 INFO 6880 [Timer] E:\hqyj\vue\08\app\server\node_modules\egg-multipart\app\schedule\clean_tmpdir.js next time will execute after 41433055ms at 2020-09-23 04:30:00.009
2020-09-22 16:59:26,955 INFO 6880 [Timer] E:\hqyj\vue\08\app\server\node_modules\egg-logrotator\app\schedule\clean_log.js next time will execute after 25233046ms at 2020-09-23 00:00:00.001
2020-09-22 16:59:26,955 INFO 6880 [Timer] E:\hqyj\vue\08\app\server\node_modules\egg-logrotator\app\schedule\rotate_by_file.js next time will execute after 25234045ms at 2020-09-23 00:00:01.000
2020-09-22 16:59:26,273 INFO 9332 [egg-schedule]: register schedule E:\hqyj\vue\08\app\server\node_modules\egg-multipart\app\schedule\clean_tmpdir.js
2020-09-22 16:59:26,273 INFO 9332 [egg-schedule]: register schedule E:\hqyj\vue\08\app\server\node_modules\egg-logrotator\app\schedule\clean_log.js
2020-09-22 16:59:26,273 INFO 9332 [egg-schedule]: register schedule E:\hqyj\vue\08\app\server\node_modules\egg-logrotator\app\schedule\rotate_by_file.js
