2020-09-21 20:22:51,006 WARN 12216 [-/192.168.3.128/-/13ms POST /msg] missing csrf token. See https://eggjs.org/zh-cn/core/security.html#安全威胁csrf的防范
2020-09-21 20:22:51,025 WARN 12216 [-/192.168.3.128/-/32ms POST /msg] nodejs.ForbiddenError: missing csrf token
    at Object.throw (E:\hqyj\vue\08\app\server\node_modules\koa\lib\context.js:97:11)
    at Object.assertCsrf (E:\hqyj\vue\08\app\server\node_modules\egg-security\app\extend\context.js:162:32)
    at csrf (E:\hqyj\vue\08\app\server\node_modules\egg-security\lib\middlewares\csrf.js:33:9)
    at dispatch (E:\hqyj\vue\08\app\server\node_modules\egg-security\node_modules\koa-compose\index.js:42:32)
    at E:\hqyj\vue\08\app\server\node_modules\egg-security\node_modules\koa-compose\index.js:34:12
    at dispatch (E:\hqyj\vue\08\app\server\node_modules\koa\node_modules\koa-compose\index.js:42:32)
    at session (E:\hqyj\vue\08\app\server\node_modules\koa-session\index.js:41:13)
    at dispatch (E:\hqyj\vue\08\app\server\node_modules\koa\node_modules\koa-compose\index.js:42:32)
    at overrideMethod (E:\hqyj\vue\08\app\server\node_modules\koa-override\index.js:38:12)
    at dispatch (E:\hqyj\vue\08\app\server\node_modules\koa\node_modules\koa-compose\index.js:42:32)
message: "missing csrf token"
headers: {"Access-Control-Allow-Origin":"*","vary":"Origin"}
pid: 12216
hostname: Remily-PC

2020-09-22 10:03:14,791 ERROR 7336 [-/192.168.3.128/-/82ms POST /msg] nodejs.ReferenceError: msg is not defined
    at HomeService.msg (E:\hqyj\vue\08\app\server\app\service\user.js:7:50)
    at HomeController.msg (E:\hqyj\vue\08\app\server\app\controller\home.js:24:51)
    at Object.callFn (E:\hqyj\vue\08\app\server\node_modules\egg-core\lib\utils\index.js:44:21)
    at Object.classControllerMiddleware (E:\hqyj\vue\08\app\server\node_modules\egg-core\lib\loader\mixin\controller.js:87:20)
    at Object.callFn (E:\hqyj\vue\08\app\server\node_modules\@eggjs\router\lib\utils.js:12:21)
    at wrappedController (E:\hqyj\vue\08\app\server\node_modules\@eggjs\router\lib\egg_router.js:322:18)
    at dispatch (E:\hqyj\vue\08\app\server\node_modules\koa-compose\index.js:44:32)
    at next (E:\hqyj\vue\08\app\server\node_modules\koa-compose\index.js:45:18)
    at E:\hqyj\vue\08\app\server\node_modules\@eggjs\router\lib\router.js:190:18
    at dispatch (E:\hqyj\vue\08\app\server\node_modules\koa-compose\index.js:44:32)
headers: {"Access-Control-Allow-Origin":"*","vary":"Origin"}
pid: 7336
hostname: Remily-PC

2020-09-22 10:06:14,998 ERROR 8684 [-/192.168.3.128/-/47ms POST /msg] nodejs.ReferenceError: word is not defined
    at HomeService.msg (E:\hqyj\vue\08\app\server\app\service\user.js:7:50)
    at HomeController.msg (E:\hqyj\vue\08\app\server\app\controller\home.js:24:51)
    at Object.callFn (E:\hqyj\vue\08\app\server\node_modules\egg-core\lib\utils\index.js:44:21)
    at Object.classControllerMiddleware (E:\hqyj\vue\08\app\server\node_modules\egg-core\lib\loader\mixin\controller.js:87:20)
    at Object.callFn (E:\hqyj\vue\08\app\server\node_modules\@eggjs\router\lib\utils.js:12:21)
    at wrappedController (E:\hqyj\vue\08\app\server\node_modules\@eggjs\router\lib\egg_router.js:322:18)
    at dispatch (E:\hqyj\vue\08\app\server\node_modules\koa-compose\index.js:44:32)
    at next (E:\hqyj\vue\08\app\server\node_modules\koa-compose\index.js:45:18)
    at E:\hqyj\vue\08\app\server\node_modules\@eggjs\router\lib\router.js:190:18
    at dispatch (E:\hqyj\vue\08\app\server\node_modules\koa-compose\index.js:44:32)
headers: {"Access-Control-Allow-Origin":"*","vary":"Origin"}
pid: 8684
hostname: Remily-PC

2020-09-22 10:09:27,089 ERROR 7028 [-/192.168.3.128/-/39ms POST /msg] nodejs.ReferenceError: word is not defined
    at HomeService.msg (E:\hqyj\vue\08\app\server\app\service\user.js:7:49)
    at HomeController.msg (E:\hqyj\vue\08\app\server\app\controller\home.js:24:51)
    at Object.callFn (E:\hqyj\vue\08\app\server\node_modules\egg-core\lib\utils\index.js:44:21)
    at Object.classControllerMiddleware (E:\hqyj\vue\08\app\server\node_modules\egg-core\lib\loader\mixin\controller.js:87:20)
    at Object.callFn (E:\hqyj\vue\08\app\server\node_modules\@eggjs\router\lib\utils.js:12:21)
    at wrappedController (E:\hqyj\vue\08\app\server\node_modules\@eggjs\router\lib\egg_router.js:322:18)
    at dispatch (E:\hqyj\vue\08\app\server\node_modules\koa-compose\index.js:44:32)
    at next (E:\hqyj\vue\08\app\server\node_modules\koa-compose\index.js:45:18)
    at E:\hqyj\vue\08\app\server\node_modules\@eggjs\router\lib\router.js:190:18
    at dispatch (E:\hqyj\vue\08\app\server\node_modules\koa-compose\index.js:44:32)
headers: {"Access-Control-Allow-Origin":"*","vary":"Origin"}
pid: 7028
hostname: Remily-PC

2020-09-22 10:15:29,639 ERROR 168 [-/192.168.3.128/-/47ms POST /msg] nodejs.ReferenceError: msg is not defined
    at HomeService.msg (E:\hqyj\vue\08\app\server\app\service\user.js:7:50)
    at HomeController.msg (E:\hqyj\vue\08\app\server\app\controller\home.js:24:51)
    at Object.callFn (E:\hqyj\vue\08\app\server\node_modules\egg-core\lib\utils\index.js:44:21)
    at Object.classControllerMiddleware (E:\hqyj\vue\08\app\server\node_modules\egg-core\lib\loader\mixin\controller.js:87:20)
    at Object.callFn (E:\hqyj\vue\08\app\server\node_modules\@eggjs\router\lib\utils.js:12:21)
    at wrappedController (E:\hqyj\vue\08\app\server\node_modules\@eggjs\router\lib\egg_router.js:322:18)
    at dispatch (E:\hqyj\vue\08\app\server\node_modules\koa-compose\index.js:44:32)
    at next (E:\hqyj\vue\08\app\server\node_modules\koa-compose\index.js:45:18)
    at E:\hqyj\vue\08\app\server\node_modules\@eggjs\router\lib\router.js:190:18
    at dispatch (E:\hqyj\vue\08\app\server\node_modules\koa-compose\index.js:44:32)
headers: {"Access-Control-Allow-Origin":"*","vary":"Origin"}
pid: 168
hostname: Remily-PC

2020-09-22 11:49:04,063 ERROR 8620 [-/192.168.3.128/-/45ms POST /delmsg] nodejs.ER_BAD_FIELD_ERRORError: ER_BAD_FIELD_ERROR: Unknown column 'undefined' in 'where clause'
    at Query.Sequence._packetToError (E:\hqyj\vue\08\app\server\node_modules\mysql\lib\protocol\sequences\Sequence.js:47:14)
    at Query.ErrorPacket (E:\hqyj\vue\08\app\server\node_modules\mysql\lib\protocol\sequences\Query.js:79:18)
    at Protocol._parsePacket (E:\hqyj\vue\08\app\server\node_modules\mysql\lib\protocol\Protocol.js:291:23)
    at Parser._parsePacket (E:\hqyj\vue\08\app\server\node_modules\mysql\lib\protocol\Parser.js:433:10)
    at Parser.write (E:\hqyj\vue\08\app\server\node_modules\mysql\lib\protocol\Parser.js:43:10)
    at Protocol.write (E:\hqyj\vue\08\app\server\node_modules\mysql\lib\protocol\Protocol.js:38:16)
    at Socket.<anonymous> (E:\hqyj\vue\08\app\server\node_modules\mysql\lib\Connection.js:88:28)
    at Socket.<anonymous> (E:\hqyj\vue\08\app\server\node_modules\mysql\lib\Connection.js:526:10)
    at Socket.emit (events.js:198:13)
    at addChunk (_stream_readable.js:288:12)
    --------------------
    at Pool.query (E:\hqyj\vue\08\app\server\node_modules\mysql\lib\Pool.js:199:23)
    at E:\hqyj\vue\08\app\server\node_modules\ali-rds\node_modules\pify\index.js:29:7
    at new Promise (<anonymous>)
    at Pool.<anonymous> (E:\hqyj\vue\08\app\server\node_modules\ali-rds\node_modules\pify\index.js:12:10)
    at Pool.ret [as query] (E:\hqyj\vue\08\app\server\node_modules\ali-rds\node_modules\pify\index.js:56:34)
    at RDSClient.proto._query (E:\hqyj\vue\08\app\server\node_modules\ali-rds\lib\client.js:38:20)
    at RDSClient.proto.query (E:\hqyj\vue\08\app\server\node_modules\ali-rds\lib\operator.js:54:29)
    at proto.query.next (<anonymous>)
    at onFulfilled (E:\hqyj\vue\08\app\server\node_modules\co\index.js:65:19)
    at E:\hqyj\vue\08\app\server\node_modules\co\index.js:54:5
    sql: delete from msg where id=undefined;
code: "ER_BAD_FIELD_ERROR"
errno: 1054
sqlMessage: "Unknown column 'undefined' in 'where clause'"
sqlState: "42S22"
index: 0
sql: "delete from msg where id=undefined;"
headers: {"Access-Control-Allow-Origin":"*","vary":"Origin"}
name: "ER_BAD_FIELD_ERRORError"
pid: 8620
hostname: Remily-PC

2020-09-22 11:51:43,542 ERROR 8620 [-/192.168.3.128/-/36ms POST /delmsg] nodejs.ER_PARSE_ERRORError: ER_PARSE_ERROR: You have an error in your SQL syntax; check the manual that corresponds to your MySQL server version for the right syntax to use near '' at line 1
    at Query.Sequence._packetToError (E:\hqyj\vue\08\app\server\node_modules\mysql\lib\protocol\sequences\Sequence.js:47:14)
    at Query.ErrorPacket (E:\hqyj\vue\08\app\server\node_modules\mysql\lib\protocol\sequences\Query.js:79:18)
    at Protocol._parsePacket (E:\hqyj\vue\08\app\server\node_modules\mysql\lib\protocol\Protocol.js:291:23)
    at Parser._parsePacket (E:\hqyj\vue\08\app\server\node_modules\mysql\lib\protocol\Parser.js:433:10)
    at Parser.write (E:\hqyj\vue\08\app\server\node_modules\mysql\lib\protocol\Parser.js:43:10)
    at Protocol.write (E:\hqyj\vue\08\app\server\node_modules\mysql\lib\protocol\Protocol.js:38:16)
    at Socket.<anonymous> (E:\hqyj\vue\08\app\server\node_modules\mysql\lib\Connection.js:88:28)
    at Socket.<anonymous> (E:\hqyj\vue\08\app\server\node_modules\mysql\lib\Connection.js:526:10)
    at Socket.emit (events.js:198:13)
    at addChunk (_stream_readable.js:288:12)
    --------------------
    at Pool.query (E:\hqyj\vue\08\app\server\node_modules\mysql\lib\Pool.js:199:23)
    at E:\hqyj\vue\08\app\server\node_modules\ali-rds\node_modules\pify\index.js:29:7
    at new Promise (<anonymous>)
    at Pool.<anonymous> (E:\hqyj\vue\08\app\server\node_modules\ali-rds\node_modules\pify\index.js:12:10)
    at Pool.ret [as query] (E:\hqyj\vue\08\app\server\node_modules\ali-rds\node_modules\pify\index.js:56:34)
    at RDSClient.proto._query (E:\hqyj\vue\08\app\server\node_modules\ali-rds\lib\client.js:38:20)
    at RDSClient.proto.query (E:\hqyj\vue\08\app\server\node_modules\ali-rds\lib\operator.js:54:29)
    at proto.query.next (<anonymous>)
    at onFulfilled (E:\hqyj\vue\08\app\server\node_modules\co\index.js:65:19)
    at E:\hqyj\vue\08\app\server\node_modules\co\index.js:54:5
    sql: delete from msg where id=;
code: "ER_PARSE_ERROR"
errno: 1064
sqlMessage: "You have an error in your SQL syntax; check the manual that corresponds to your MySQL server version for the right syntax to use near '' at line 1"
sqlState: "42000"
index: 0
sql: "delete from msg where id=;"
headers: {"Access-Control-Allow-Origin":"*","vary":"Origin"}
name: "ER_PARSE_ERRORError"
pid: 8620
hostname: Remily-PC

2020-09-22 13:41:52,350 ERROR 8620 [-/192.168.3.128/-/8ms POST /delmsg] nodejs.ER_PARSE_ERRORError: ER_PARSE_ERROR: You have an error in your SQL syntax; check the manual that corresponds to your MySQL server version for the right syntax to use near '' at line 1
    at Query.Sequence._packetToError (E:\hqyj\vue\08\app\server\node_modules\mysql\lib\protocol\sequences\Sequence.js:47:14)
    at Query.ErrorPacket (E:\hqyj\vue\08\app\server\node_modules\mysql\lib\protocol\sequences\Query.js:79:18)
    at Protocol._parsePacket (E:\hqyj\vue\08\app\server\node_modules\mysql\lib\protocol\Protocol.js:291:23)
    at Parser._parsePacket (E:\hqyj\vue\08\app\server\node_modules\mysql\lib\protocol\Parser.js:433:10)
    at Parser.write (E:\hqyj\vue\08\app\server\node_modules\mysql\lib\protocol\Parser.js:43:10)
    at Protocol.write (E:\hqyj\vue\08\app\server\node_modules\mysql\lib\protocol\Protocol.js:38:16)
    at Socket.<anonymous> (E:\hqyj\vue\08\app\server\node_modules\mysql\lib\Connection.js:88:28)
    at Socket.<anonymous> (E:\hqyj\vue\08\app\server\node_modules\mysql\lib\Connection.js:526:10)
    at Socket.emit (events.js:198:13)
    at addChunk (_stream_readable.js:288:12)
    --------------------
    at Pool.query (E:\hqyj\vue\08\app\server\node_modules\mysql\lib\Pool.js:199:23)
    at E:\hqyj\vue\08\app\server\node_modules\ali-rds\node_modules\pify\index.js:29:7
    at new Promise (<anonymous>)
    at Pool.<anonymous> (E:\hqyj\vue\08\app\server\node_modules\ali-rds\node_modules\pify\index.js:12:10)
    at Pool.ret [as query] (E:\hqyj\vue\08\app\server\node_modules\ali-rds\node_modules\pify\index.js:56:34)
    at RDSClient.proto._query (E:\hqyj\vue\08\app\server\node_modules\ali-rds\lib\client.js:38:20)
    at RDSClient.proto.query (E:\hqyj\vue\08\app\server\node_modules\ali-rds\lib\operator.js:54:29)
    at proto.query.next (<anonymous>)
    at onFulfilled (E:\hqyj\vue\08\app\server\node_modules\co\index.js:65:19)
    at E:\hqyj\vue\08\app\server\node_modules\co\index.js:54:5
    sql: delete from msg where id=;
code: "ER_PARSE_ERROR"
errno: 1064
sqlMessage: "You have an error in your SQL syntax; check the manual that corresponds to your MySQL server version for the right syntax to use near '' at line 1"
sqlState: "42000"
index: 0
sql: "delete from msg where id=;"
headers: {"Access-Control-Allow-Origin":"*","vary":"Origin"}
name: "ER_PARSE_ERRORError"
pid: 8620
hostname: Remily-PC

2020-09-22 13:43:08,803 ERROR 8620 [-/192.168.3.128/-/4ms POST /delmsg] nodejs.ER_PARSE_ERRORError: ER_PARSE_ERROR: You have an error in your SQL syntax; check the manual that corresponds to your MySQL server version for the right syntax to use near '' at line 1
    at Query.Sequence._packetToError (E:\hqyj\vue\08\app\server\node_modules\mysql\lib\protocol\sequences\Sequence.js:47:14)
    at Query.ErrorPacket (E:\hqyj\vue\08\app\server\node_modules\mysql\lib\protocol\sequences\Query.js:79:18)
    at Protocol._parsePacket (E:\hqyj\vue\08\app\server\node_modules\mysql\lib\protocol\Protocol.js:291:23)
    at Parser._parsePacket (E:\hqyj\vue\08\app\server\node_modules\mysql\lib\protocol\Parser.js:433:10)
    at Parser.write (E:\hqyj\vue\08\app\server\node_modules\mysql\lib\protocol\Parser.js:43:10)
    at Protocol.write (E:\hqyj\vue\08\app\server\node_modules\mysql\lib\protocol\Protocol.js:38:16)
    at Socket.<anonymous> (E:\hqyj\vue\08\app\server\node_modules\mysql\lib\Connection.js:88:28)
    at Socket.<anonymous> (E:\hqyj\vue\08\app\server\node_modules\mysql\lib\Connection.js:526:10)
    at Socket.emit (events.js:198:13)
    at addChunk (_stream_readable.js:288:12)
    --------------------
    at Pool.query (E:\hqyj\vue\08\app\server\node_modules\mysql\lib\Pool.js:199:23)
    at E:\hqyj\vue\08\app\server\node_modules\ali-rds\node_modules\pify\index.js:29:7
    at new Promise (<anonymous>)
    at Pool.<anonymous> (E:\hqyj\vue\08\app\server\node_modules\ali-rds\node_modules\pify\index.js:12:10)
    at Pool.ret [as query] (E:\hqyj\vue\08\app\server\node_modules\ali-rds\node_modules\pify\index.js:56:34)
    at RDSClient.proto._query (E:\hqyj\vue\08\app\server\node_modules\ali-rds\lib\client.js:38:20)
    at RDSClient.proto.query (E:\hqyj\vue\08\app\server\node_modules\ali-rds\lib\operator.js:54:29)
    at proto.query.next (<anonymous>)
    at onFulfilled (E:\hqyj\vue\08\app\server\node_modules\co\index.js:65:19)
    at E:\hqyj\vue\08\app\server\node_modules\co\index.js:54:5
    sql: delete from msg where id=;
code: "ER_PARSE_ERROR"
errno: 1064
sqlMessage: "You have an error in your SQL syntax; check the manual that corresponds to your MySQL server version for the right syntax to use near '' at line 1"
sqlState: "42000"
index: 0
sql: "delete from msg where id=;"
headers: {"Access-Control-Allow-Origin":"*","vary":"Origin"}
name: "ER_PARSE_ERRORError"
pid: 8620
hostname: Remily-PC

2020-09-22 13:44:07,884 ERROR 10220 [-/192.168.3.128/-/52ms POST /delmsg] nodejs.ER_PARSE_ERRORError: ER_PARSE_ERROR: You have an error in your SQL syntax; check the manual that corresponds to your MySQL server version for the right syntax to use near '' at line 1
    at Query.Sequence._packetToError (E:\hqyj\vue\08\app\server\node_modules\mysql\lib\protocol\sequences\Sequence.js:47:14)
    at Query.ErrorPacket (E:\hqyj\vue\08\app\server\node_modules\mysql\lib\protocol\sequences\Query.js:79:18)
    at Protocol._parsePacket (E:\hqyj\vue\08\app\server\node_modules\mysql\lib\protocol\Protocol.js:291:23)
    at Parser._parsePacket (E:\hqyj\vue\08\app\server\node_modules\mysql\lib\protocol\Parser.js:433:10)
    at Parser.write (E:\hqyj\vue\08\app\server\node_modules\mysql\lib\protocol\Parser.js:43:10)
    at Protocol.write (E:\hqyj\vue\08\app\server\node_modules\mysql\lib\protocol\Protocol.js:38:16)
    at Socket.<anonymous> (E:\hqyj\vue\08\app\server\node_modules\mysql\lib\Connection.js:88:28)
    at Socket.<anonymous> (E:\hqyj\vue\08\app\server\node_modules\mysql\lib\Connection.js:526:10)
    at Socket.emit (events.js:198:13)
    at addChunk (_stream_readable.js:288:12)
    --------------------
    at Pool.query (E:\hqyj\vue\08\app\server\node_modules\mysql\lib\Pool.js:199:23)
    at E:\hqyj\vue\08\app\server\node_modules\ali-rds\node_modules\pify\index.js:29:7
    at new Promise (<anonymous>)
    at Pool.<anonymous> (E:\hqyj\vue\08\app\server\node_modules\ali-rds\node_modules\pify\index.js:12:10)
    at Pool.ret [as query] (E:\hqyj\vue\08\app\server\node_modules\ali-rds\node_modules\pify\index.js:56:34)
    at RDSClient.proto._query (E:\hqyj\vue\08\app\server\node_modules\ali-rds\lib\client.js:38:20)
    at RDSClient.proto.query (E:\hqyj\vue\08\app\server\node_modules\ali-rds\lib\operator.js:54:29)
    at proto.query.next (<anonymous>)
    at onFulfilled (E:\hqyj\vue\08\app\server\node_modules\co\index.js:65:19)
    at E:\hqyj\vue\08\app\server\node_modules\co\index.js:54:5
    sql: delete from msg where id=;
code: "ER_PARSE_ERROR"
errno: 1064
sqlMessage: "You have an error in your SQL syntax; check the manual that corresponds to your MySQL server version for the right syntax to use near '' at line 1"
sqlState: "42000"
index: 0
sql: "delete from msg where id=;"
headers: {"Access-Control-Allow-Origin":"*","vary":"Origin"}
name: "ER_PARSE_ERRORError"
pid: 10220
hostname: Remily-PC

2020-09-22 13:46:21,845 ERROR 7208 [-/192.168.3.128/-/53ms POST /delmsg] nodejs.ER_PARSE_ERRORError: ER_PARSE_ERROR: You have an error in your SQL syntax; check the manual that corresponds to your MySQL server version for the right syntax to use near '' at line 1
    at Query.Sequence._packetToError (E:\hqyj\vue\08\app\server\node_modules\mysql\lib\protocol\sequences\Sequence.js:47:14)
    at Query.ErrorPacket (E:\hqyj\vue\08\app\server\node_modules\mysql\lib\protocol\sequences\Query.js:79:18)
    at Protocol._parsePacket (E:\hqyj\vue\08\app\server\node_modules\mysql\lib\protocol\Protocol.js:291:23)
    at Parser._parsePacket (E:\hqyj\vue\08\app\server\node_modules\mysql\lib\protocol\Parser.js:433:10)
    at Parser.write (E:\hqyj\vue\08\app\server\node_modules\mysql\lib\protocol\Parser.js:43:10)
    at Protocol.write (E:\hqyj\vue\08\app\server\node_modules\mysql\lib\protocol\Protocol.js:38:16)
    at Socket.<anonymous> (E:\hqyj\vue\08\app\server\node_modules\mysql\lib\Connection.js:88:28)
    at Socket.<anonymous> (E:\hqyj\vue\08\app\server\node_modules\mysql\lib\Connection.js:526:10)
    at Socket.emit (events.js:198:13)
    at addChunk (_stream_readable.js:288:12)
    --------------------
    at Pool.query (E:\hqyj\vue\08\app\server\node_modules\mysql\lib\Pool.js:199:23)
    at E:\hqyj\vue\08\app\server\node_modules\ali-rds\node_modules\pify\index.js:29:7
    at new Promise (<anonymous>)
    at Pool.<anonymous> (E:\hqyj\vue\08\app\server\node_modules\ali-rds\node_modules\pify\index.js:12:10)
    at Pool.ret [as query] (E:\hqyj\vue\08\app\server\node_modules\ali-rds\node_modules\pify\index.js:56:34)
    at RDSClient.proto._query (E:\hqyj\vue\08\app\server\node_modules\ali-rds\lib\client.js:38:20)
    at RDSClient.proto.query (E:\hqyj\vue\08\app\server\node_modules\ali-rds\lib\operator.js:54:29)
    at proto.query.next (<anonymous>)
    at onFulfilled (E:\hqyj\vue\08\app\server\node_modules\co\index.js:65:19)
    at E:\hqyj\vue\08\app\server\node_modules\co\index.js:54:5
    sql: delete from msg where id=;
code: "ER_PARSE_ERROR"
errno: 1064
sqlMessage: "You have an error in your SQL syntax; check the manual that corresponds to your MySQL server version for the right syntax to use near '' at line 1"
sqlState: "42000"
index: 0
sql: "delete from msg where id=;"
headers: {"Access-Control-Allow-Origin":"*","vary":"Origin"}
name: "ER_PARSE_ERRORError"
pid: 7208
hostname: Remily-PC

2020-09-22 15:04:18,379 ERROR 8468 [-/192.168.3.128/-/88ms POST /changemsg] nodejs.TypeError: this.ctx.service.home.change is not a function
    at HomeController.changemsg (E:\hqyj\vue\08\app\server\app\controller\home.js:24:49)
    at Object.callFn (E:\hqyj\vue\08\app\server\node_modules\egg-core\lib\utils\index.js:44:21)
    at Object.classControllerMiddleware (E:\hqyj\vue\08\app\server\node_modules\egg-core\lib\loader\mixin\controller.js:87:20)
    at Object.callFn (E:\hqyj\vue\08\app\server\node_modules\@eggjs\router\lib\utils.js:12:21)
    at wrappedController (E:\hqyj\vue\08\app\server\node_modules\@eggjs\router\lib\egg_router.js:322:18)
    at dispatch (E:\hqyj\vue\08\app\server\node_modules\koa-compose\index.js:44:32)
    at next (E:\hqyj\vue\08\app\server\node_modules\koa-compose\index.js:45:18)
    at E:\hqyj\vue\08\app\server\node_modules\@eggjs\router\lib\router.js:190:18
    at dispatch (E:\hqyj\vue\08\app\server\node_modules\koa-compose\index.js:44:32)
    at E:\hqyj\vue\08\app\server\node_modules\koa-compose\index.js:36:12
headers: {"Access-Control-Allow-Origin":"*","vary":"Origin"}
pid: 8468
hostname: Remily-PC

